<?xml version="1.0" encoding="UTF-8"?>
<testsuite xmlns:xsi="http://www.w3.org/2001/XMLSchema-instance" xsi:noNamespaceSchemaLocation="https://maven.apache.org/surefire/maven-surefire-plugin/xsd/surefire-test-report.xsd" name="it.polimi.ingsw.model.cards.developmentcards.DevelopmentCardTest" time="0.016" tests="6" errors="0" skipped="0" failures="0">
  <properties>
[...]
</properties>
  <testcase name="ProductionPowerGetterTest" classname="it.polimi.ingsw.model.cards.developmentcards.DevelopmentCardTest" time="0.001"/>
  <testcase name="LevelGetterTest" classname="it.polimi.ingsw.model.cards.developmentcards.DevelopmentCardTest" time="0"/>
  <testcase name="ColorGetterTest" classname="it.polimi.ingsw.model.cards.developmentcards.DevelopmentCardTest" time="0"/>
  <testcase name="ResourcePriceGetterTest" classname="it.polimi.ingsw.model.cards.developmentcards.DevelopmentCardTest" time="0"/>
  <testcase name="print" classname="it.polimi.ingsw.model.cards.developmentcards.DevelopmentCardTest" time="0.013"/>
  <testcase name="VictoryPointGetterTest" classname="it.polimi.ingsw.model.cards.developmentcards.DevelopmentCardTest" time="0"/>
</testsuite>