<?xml version="1.0" encoding="UTF-8"?>
<testsuite xmlns:xsi="http://www.w3.org/2001/XMLSchema-instance" xsi:noNamespaceSchemaLocation="https://maven.apache.org/surefire/maven-surefire-plugin/xsd/surefire-test-report.xsd" name="it.polimi.ingsw.model.cards.leadercards.LeaderCardTest" time="0.078" tests="5" errors="0" skipped="0" failures="0">
  <properties>
[...]
</properties>
  <testcase name="StrategyGetterTest" classname="it.polimi.ingsw.model.cards.leadercards.LeaderCardTest" time="0"/>
  <testcase name="useDiscountTest" classname="it.polimi.ingsw.model.cards.leadercards.LeaderCardTest" time="0.015"/>
  <testcase name="useAbilityTest" classname="it.polimi.ingsw.model.cards.leadercards.LeaderCardTest" time="0.016"/>
  <testcase name="StrategySetterTest" classname="it.polimi.ingsw.model.cards.leadercards.LeaderCardTest" time="0.015"/>
  <testcase name="VictoryPointGetterTest" classname="it.polimi.ingsw.model.cards.leadercards.LeaderCardTest" time="0.016"/>
</testsuite>