<?xml version="1.0" encoding="UTF-8"?>
<testsuite xmlns:xsi="http://www.w3.org/2001/XMLSchema-instance" xsi:noNamespaceSchemaLocation="https://maven.apache.org/surefire/maven-surefire-plugin/xsd/surefire-test-report.xsd" name="it.polimi.ingsw.model.board.BoardTest" time="0.362" tests="6" errors="0" skipped="0" failures="0">
  <properties>
[...]
</properties>
  <testcase name="RemoveResourcesTest" classname="it.polimi.ingsw.model.board.BoardTest" time="0.297"/>
  <testcase name="CheckResourcesTest" classname="it.polimi.ingsw.model.board.BoardTest" time="0"/>
  <testcase name="CheckDevSpaceTest" classname="it.polimi.ingsw.model.board.BoardTest" time="0.008"/>
  <testcase name="BoardGetterTest" classname="it.polimi.ingsw.model.board.BoardTest" time="0.001"/>
  <testcase name="RemoveResourcesTestExceptions" classname="it.polimi.ingsw.model.board.BoardTest" time="0.008"/>
  <testcase name="VictoryPointGetterTest" classname="it.polimi.ingsw.model.board.BoardTest" time="0.007"/>
</testsuite>