<?xml version="1.0" encoding="UTF-8"?>
<testsuite xmlns:xsi="http://www.w3.org/2001/XMLSchema-instance" xsi:noNamespaceSchemaLocation="https://maven.apache.org/surefire/maven-surefire-plugin/xsd/surefire-test-report.xsd" name="it.polimi.ingsw.model.board.resources.ResourceTest" time="0.396" tests="6" errors="0" skipped="0" failures="0">
  <properties>
[...]
</properties>
  <testcase name="ResourceStrategyTest" classname="it.polimi.ingsw.model.board.resources.ResourceTest" time="0.353"/>
  <testcase name="useResourceTest1" classname="it.polimi.ingsw.model.board.resources.ResourceTest" time="0.006"/>
  <testcase name="useResourceTest2" classname="it.polimi.ingsw.model.board.resources.ResourceTest" time="0.011"/>
  <testcase name="useResourceTest3" classname="it.polimi.ingsw.model.board.resources.ResourceTest" time="0.008"/>
  <testcase name="useResourceTest4" classname="it.polimi.ingsw.model.board.resources.ResourceTest" time="0.004"/>
  <testcase name="ResourceTypeTest" classname="it.polimi.ingsw.model.board.resources.ResourceTest" time="0.007"/>
</testsuite>